<?xml version="1.0" encoding="UTF-8"?>
<!-- Generated by org.testng.reporters.JUnitReportReporter -->
<testsuite hostname="NagarjunReddy" failures="0" tests="4" name="testng.AutomationTest3" time="3.733" errors="0" timestamp="2024-02-08T11:28:38 IST" skipped="0">
  <testcase classname="testng.AutomationTest3" name="TC_Login_01" time="0.010"/>
  <testcase classname="testng.AutomationTest3" name="TC_Login_02" time="1.689"/>
  <testcase classname="testng.AutomationTest3" name="TC_Login_01" time="0.007"/>
  <testcase classname="testng.AutomationTest3" name="TC_Login_02" time="2.027"/>
</testsuite> <!-- testng.AutomationTest3 -->
