<?xml version="1.0" encoding="UTF-8"?>
<!-- Generated by org.testng.reporters.JUnitReportReporter -->
<testsuite hostname="NagarjunReddy" failures="0" tests="1" name="datadriven.Log4JTest" time="0.007" errors="0" timestamp="16 Feb 2024 05:45:17 GMT" skipped="0">
  <testcase classname="datadriven.Log4JTest" name="TC_Login_01" time="0.007"/>
</testsuite> <!-- datadriven.Log4JTest -->
