<?xml version="1.0" encoding="UTF-8"?>
<!-- Generated by org.testng.reporters.JUnitReportReporter -->
<testsuite hostname="NagarjunReddy" failures="0" tests="4" name="testng.DataProvidersTest3" time="13.049" errors="0" timestamp="14 Feb 2024 05:45:54 GMT" skipped="0">
  <testcase classname="testng.DataProvidersTest3" name="TC_Login" time="3.538"/>
  <testcase classname="testng.DataProvidersTest3" name="TC_Login" time="3.576"/>
  <testcase classname="testng.DataProvidersTest3" name="TC_Login" time="2.228"/>
  <testcase classname="testng.DataProvidersTest3" name="TC_Login" time="3.707"/>
</testsuite> <!-- testng.DataProvidersTest3 -->
