<?xml version="1.0" encoding="UTF-8"?>
<!-- Generated by org.testng.reporters.JUnitReportReporter -->
<testsuite hostname="NagarjunReddy" failures="0" tests="4" name="testng.AutomationTest2" time="3.695" errors="0" timestamp="2024-02-08T11:04:49 IST" skipped="0">
  <testcase classname="testng.AutomationTest2" name="TC_Login_02" time="1.973"/>
  <testcase classname="testng.AutomationTest2" name="TC_Login_02" time="1.708"/>
  <testcase classname="testng.AutomationTest2" name="TC_Login_01" time="0.007"/>
  <testcase classname="testng.AutomationTest2" name="TC_Login_01" time="0.007"/>
</testsuite> <!-- testng.AutomationTest2 -->
