<?xml version="1.0" encoding="UTF-8"?>
<!-- Generated by org.testng.reporters.JUnitReportReporter -->
<testsuite hostname="NagarjunReddy" failures="0" tests="3" name="testng.DataProviderWithList" time="0.009" errors="0" timestamp="15 Feb 2024 05:09:31 GMT" skipped="0">
  <testcase classname="testng.DataProviderWithList" name="TC_Add_Users" time="0.000"/>
  <testcase classname="testng.DataProviderWithList" name="TC_Add_Users" time="0.009"/>
  <testcase classname="testng.DataProviderWithList" name="TC_Add_Users" time="0.000"/>
</testsuite> <!-- testng.DataProviderWithList -->
