<?xml version="1.0" encoding="UTF-8"?>
<!-- Generated by org.testng.reporters.JUnitReportReporter -->
<testsuite hostname="NagarjunReddy" failures="0" tests="4" name="testng.DataProvidersTest2" time="12.582" errors="0" timestamp="14 Feb 2024 05:38:52 GMT" skipped="0">
  <testcase classname="testng.DataProvidersTest2" name="TC_Login" time="3.319"/>
  <testcase classname="testng.DataProvidersTest2" name="TC_Login" time="3.621"/>
  <testcase classname="testng.DataProvidersTest2" name="TC_Login" time="2.158"/>
  <testcase classname="testng.DataProvidersTest2" name="TC_Login" time="3.484"/>
</testsuite> <!-- testng.DataProvidersTest2 -->
