<?xml version="1.0" encoding="UTF-8"?>
<!-- Generated by org.testng.reporters.JUnitReportReporter -->
<testsuite hostname="NagarjunReddy" failures="0" tests="1" name="datadriven.ExcelData" time="0.595" errors="0" timestamp="15 Feb 2024 06:00:01 GMT" skipped="0">
  <testcase classname="datadriven.ExcelData" name="TC_ExcelData" time="0.595"/>
</testsuite> <!-- datadriven.ExcelData -->
