<?xml version="1.0" encoding="UTF-8"?>
<!-- Generated by org.testng.reporters.JUnitReportReporter -->
<testsuite hostname="NagarjunReddy" failures="0" tests="4" name="testng.AutomationTest2" time="4.054" errors="0" timestamp="2024-02-09T10:41:14 IST" skipped="0">
  <testcase classname="testng.AutomationTest2" name="TC_Login_02" time="2.229"/>
  <testcase classname="testng.AutomationTest2" name="TC_Login_01" time="0.010"/>
  <testcase classname="testng.AutomationTest2" name="TC_Login_01" time="0.014"/>
  <testcase classname="testng.AutomationTest2" name="TC_Login_02" time="1.801"/>
</testsuite> <!-- testng.AutomationTest2 -->
