<?xml version="1.0" encoding="UTF-8"?>
<!-- Generated by org.testng.reporters.JUnitReportReporter -->
<testsuite hostname="NagarjunReddy" failures="0" tests="2" name="testng.ParallelMethods" time="13.991" errors="0" timestamp="2024-02-09T10:30:14 IST" skipped="0">
  <testcase classname="testng.ParallelMethods" name="TC_Login_02" time="9.309"/>
  <testcase classname="testng.ParallelMethods" name="TC_Login_01" time="4.682"/>
</testsuite> <!-- testng.ParallelMethods -->
