<?xml version="1.0" encoding="UTF-8"?>
<!-- Generated by org.testng.reporters.JUnitReportReporter -->
<testsuite hostname="NagarjunReddy" failures="0" tests="15" name="datadriven.AddUsersTest" time="0.018" errors="0" timestamp="16 Feb 2024 05:26:23 GMT" skipped="0">
  <testcase classname="datadriven.AddUsersTest" name="TC_AddUser" time="0.001"/>
  <testcase classname="datadriven.AddUsersTest" name="TC_AddUser" time="0.001"/>
  <testcase classname="datadriven.AddUsersTest" name="TC_AddUser" time="0.000"/>
  <testcase classname="datadriven.AddUsersTest" name="TC_AddUser" time="0.010"/>
  <testcase classname="datadriven.AddUsersTest" name="TC_AddUser" time="0.001"/>
  <testcase classname="datadriven.AddUsersTest" name="TC_AddUser" time="0.001"/>
  <testcase classname="datadriven.AddUsersTest" name="TC_AddUser" time="0.001"/>
  <testcase classname="datadriven.AddUsersTest" name="TC_AddUser" time="0.001"/>
  <testcase classname="datadriven.AddUsersTest" name="TC_AddUser" time="0.000"/>
  <testcase classname="datadriven.AddUsersTest" name="TC_AddUser" time="0.001"/>
  <testcase classname="datadriven.AddUsersTest" name="TC_AddUser" time="0.000"/>
  <testcase classname="datadriven.AddUsersTest" name="TC_AddUser" time="0.001"/>
  <testcase classname="datadriven.AddUsersTest" name="TC_AddUser" time="0.000"/>
  <testcase classname="datadriven.AddUsersTest" name="TC_AddUser" time="0.000"/>
  <testcase classname="datadriven.AddUsersTest" name="TC_AddUser" time="0.000"/>
</testsuite> <!-- datadriven.AddUsersTest -->
