<?xml version="1.0" encoding="UTF-8"?>
<!-- Generated by org.testng.reporters.JUnitReportReporter -->
<testsuite hostname="NagarjunReddy" failures="0" tests="3" name="testng.DataProviderMethod1" time="0.011" errors="0" timestamp="14 Feb 2024 05:56:38 GMT" skipped="0">
  <testcase classname="testng.DataProviderMethod1" name="TC_Login_02" time="0.003"/>
  <testcase classname="testng.DataProviderMethod1" name="TC_Login_01" time="0.008"/>
  <testcase classname="testng.DataProviderMethod1" name="TC_Login_03" time="0.000"/>
</testsuite> <!-- testng.DataProviderMethod1 -->
