<?xml version="1.0" encoding="UTF-8"?>
<!-- Generated by org.testng.reporters.JUnitReportReporter -->
<testsuite hostname="NagarjunReddy" failures="0" tests="1" name="testng.DataProviderWIthTest1" time="0.006" errors="0" timestamp="15 Feb 2024 04:54:51 GMT" skipped="0">
  <testcase classname="testng.DataProviderWIthTest1" name="TC_Login" time="0.006"/>
</testsuite> <!-- testng.DataProviderWIthTest1 -->
