<?xml version="1.0" encoding="UTF-8"?>
<!-- Generated by org.testng.reporters.JUnitReportReporter -->
<testsuite hostname="NagarjunReddy" failures="0" tests="3" name="testng.AnnotationsTest3" time="0.014" errors="0" timestamp="2024-02-07T11:03:58 IST" skipped="0">
  <testcase classname="testng.AnnotationsTest3" name="login" time="0.011"/>
  <testcase classname="testng.AnnotationsTest3" name="dashboard" time="0.002"/>
  <testcase classname="testng.AnnotationsTest3" name="search" time="0.001"/>
</testsuite> <!-- testng.AnnotationsTest3 -->
