<?xml version="1.0" encoding="UTF-8"?>
<!-- Generated by org.testng.reporters.JUnitReportReporter -->
<testsuite hostname="NagarjunReddy" failures="0" tests="3" name="testng.DataProvidersTest" time="0.006" errors="0" timestamp="14 Feb 2024 05:01:53 GMT" skipped="0">
  <testcase classname="testng.DataProvidersTest" name="TC_Login_01" time="0.001"/>
  <testcase classname="testng.DataProvidersTest" name="TC_Login_01" time="0.005"/>
  <testcase classname="testng.DataProvidersTest" name="TC_Login_01" time="0.000"/>
</testsuite> <!-- testng.DataProvidersTest -->
