<?xml version="1.0" encoding="UTF-8"?>
<!-- Generated by org.testng.reporters.JUnitReportReporter -->
<testsuite hostname="NagarjunReddy" failures="0" tests="1" name="testng.DataProviderWithTest2" time="0.000" errors="0" timestamp="15 Feb 2024 04:54:51 GMT" skipped="0">
  <testcase classname="testng.DataProviderWithTest2" name="TC_Search" time="0.000"/>
</testsuite> <!-- testng.DataProviderWithTest2 -->
