<?xml version="1.0" encoding="UTF-8"?>
<!-- Generated by org.testng.reporters.JUnitReportReporter -->
<testsuite hostname="NagarjunReddy" failures="0" tests="4" name="testng.GroupsTest" time="0.008" errors="0" timestamp="2024-02-08T10:40:20 IST" skipped="0">
  <testcase classname="testng.GroupsTest" name="TC_Login_02" time="0.001"/>
  <testcase classname="testng.GroupsTest" name="TC_Login_01" time="0.005"/>
  <testcase classname="testng.GroupsTest" name="TC_Login_03" time="0.001"/>
  <testcase classname="testng.GroupsTest" name="TC_Login_08" time="0.001"/>
</testsuite> <!-- testng.GroupsTest -->
