<?xml version="1.0" encoding="UTF-8"?>
<!-- Generated by org.testng.reporters.JUnitReportReporter -->
<testsuite hostname="NagarjunReddy" failures="0" tests="10" name="testng.AnnotationsTest4" time="0.044" errors="0" timestamp="2024-02-07T11:12:02 IST" skipped="0">
  <testcase classname="testng.AnnotationsTest4" name="search" time="0.001"/>
  <testcase classname="testng.AnnotationsTest4" name="search" time="0.001"/>
  <testcase classname="testng.AnnotationsTest4" name="search" time="0.002"/>
  <testcase classname="testng.AnnotationsTest4" name="search" time="0.003"/>
  <testcase classname="testng.AnnotationsTest4" name="search" time="0.002"/>
  <testcase classname="testng.AnnotationsTest4" name="search" time="0.005"/>
  <testcase classname="testng.AnnotationsTest4" name="search" time="0.025"/>
  <testcase classname="testng.AnnotationsTest4" name="search" time="0.001"/>
  <testcase classname="testng.AnnotationsTest4" name="search" time="0.002"/>
  <testcase classname="testng.AnnotationsTest4" name="search" time="0.002"/>
</testsuite> <!-- testng.AnnotationsTest4 -->
