<?xml version="1.0" encoding="UTF-8"?>
<!-- Generated by org.testng.reporters.JUnitReportReporter -->
<testsuite hostname="NagarjunReddy" failures="0" tests="2" name="testng.ListenersTest1" time="0.010" errors="0" timestamp="09 Feb 2024 05:46:25 GMT" skipped="0">
  <testcase classname="testng.ListenersTest1" name="TC_Login_01" time="0.009"/>
  <testcase classname="testng.ListenersTest1" name="TC_Login_02" time="0.001"/>
</testsuite> <!-- testng.ListenersTest1 -->
