<?xml version="1.0" encoding="UTF-8"?>
<!-- Generated by org.testng.reporters.JUnitReportReporter -->
<testsuite hostname="NagarjunReddy" failures="0" tests="4" name="testng.AnnotationsTest1" time="0.010" errors="0" timestamp="2024-02-07T10:50:50 IST" skipped="0">
  <testcase classname="testng.AnnotationsTest1" name="TC_Login_01" time="0.006"/>
  <testcase classname="testng.AnnotationsTest1" name="TC_Login_02" time="0.002"/>
  <testcase classname="testng.AnnotationsTest1" name="TC_Login_01" time="0.001"/>
  <testcase classname="testng.AnnotationsTest1" name="TC_Login_02" time="0.001"/>
</testsuite> <!-- testng.AnnotationsTest1 -->
